<?xml version="1.0" encoding="UTF-8"?>
<coverage generated="1517293817164" clover="3.2.0">
  <project timestamp="1517293817164" name="All files">
    <metrics statements="55" coveredstatements="55" conditionals="21" coveredconditionals="19" methods="13" coveredmethods="13" elements="89" coveredelements="87" complexity="0" loc="55" ncloc="55" packages="1" files="1" classes="1">
      <file name="index.js" path="/Users/lee/Documents/company/webpack-manifest-extra-plugin/index.js">
        <metrics statements="55" coveredstatements="55" conditionals="21" coveredconditionals="19" methods="13" coveredmethods="13"/>
        <line num="1" count="1" type="stmt"/>
        <line num="2" count="1" type="stmt"/>
        <line num="3" count="1" type="stmt"/>
        <line num="5" count="1" type="stmt"/>
        <line num="7" count="1" type="stmt"/>
        <line num="30" count="1" type="stmt"/>
        <line num="31" count="21" type="stmt"/>
        <line num="32" count="21" type="cond" truecount="2" falsecount="0"/>
        <line num="33" count="1" type="stmt"/>
        <line num="41" count="20" type="stmt"/>
        <line num="47" count="23" type="stmt"/>
        <line num="49" count="1" type="stmt"/>
        <line num="50" count="17" type="cond" truecount="4" falsecount="0"/>
        <line num="51" count="16" type="stmt"/>
        <line num="53" count="1" type="stmt"/>
        <line num="56" count="1" type="stmt"/>
        <line num="58" count="18" type="stmt"/>
        <line num="59" count="18" type="stmt"/>
        <line num="64" count="17" type="cond" truecount="2" falsecount="0"/>
        <line num="65" count="17" type="stmt"/>
        <line num="67" count="17" type="stmt"/>
        <line num="69" count="16" type="stmt"/>
        <line num="74" count="17" type="stmt"/>
        <line num="75" count="17" type="stmt"/>
        <line num="77" count="17" type="stmt"/>
        <line num="79" count="17" type="stmt"/>
        <line num="81" count="17" type="stmt"/>
        <line num="82" count="17" type="stmt"/>
        <line num="86" count="17" type="stmt"/>
        <line num="87" count="18" type="stmt"/>
        <line num="88" count="2" type="cond" truecount="2" falsecount="0"/>
        <line num="97" count="17" type="stmt"/>
        <line num="98" count="17" type="stmt"/>
        <line num="100" count="23" type="stmt"/>
        <line num="102" count="23" type="stmt"/>
        <line num="106" count="23" type="cond" truecount="2" falsecount="0"/>
        <line num="107" count="21" type="stmt"/>
        <line num="110" count="2" type="stmt"/>
        <line num="112" count="23" type="stmt"/>
        <line num="118" count="17" type="stmt"/>
        <line num="119" count="23" type="cond" truecount="2" falsecount="0"/>
        <line num="120" count="21" type="stmt"/>
        <line num="125" count="17" type="stmt"/>
        <line num="127" count="17" type="stmt"/>
        <line num="131" count="23" type="stmt"/>
        <line num="132" count="23" type="stmt"/>
        <line num="133" count="23" type="stmt"/>
        <line num="134" count="23" type="stmt"/>
        <line num="139" count="17" type="cond" truecount="2" falsecount="0"/>
        <line num="144" count="17" type="stmt"/>
        <line num="146" count="17" type="cond" truecount="1" falsecount="1"/>
        <line num="147" count="17" type="stmt"/>
        <line num="148" count="17" type="cond" truecount="2" falsecount="0"/>
        <line num="149" count="1" type="stmt"/>
        <line num="160" count="1" type="stmt"/>
      </file>
    </metrics>
  </project>
</coverage>
