{"/Users/lee/Documents/company/webpack-manifest-extra-plugin/index.js": {"path":"/Users/lee/Documents/company/webpack-manifest-extra-plugin/index.js","statementMap":{"0":{"start":{"line":1,"column":12},"end":{"line":1,"column":31}},"1":{"start":{"line":2,"column":13},"end":{"line":2,"column":28}},"2":{"start":{"line":3,"column":24},"end":{"line":3,"column":47}},"3":{"start":{"line":5,"column":10},"end":{"line":5,"column":27}},"4":{"start":{"line":7,"column":15},"end":{"line":24,"column":1}},"5":{"start":{"line":30,"column":15},"end":{"line":42,"column":1}},"6":{"start":{"line":31,"column":17},"end":{"line":31,"column":25}},"7":{"start":{"line":32,"column":2},"end":{"line":40,"column":3}},"8":{"start":{"line":33,"column":4},"end":{"line":39,"column":5}},"9":{"start":{"line":41,"column":2},"end":{"line":41,"column":24}},"10":{"start":{"line":47,"column":25},"end":{"line":47,"column":45}},"11":{"start":{"line":47,"column":30},"end":{"line":47,"column":45}},"12":{"start":{"line":49,"column":23},"end":{"line":54,"column":1}},"13":{"start":{"line":50,"column":2},"end":{"line":52,"column":3}},"14":{"start":{"line":51,"column":4},"end":{"line":51,"column":21}},"15":{"start":{"line":53,"column":2},"end":{"line":53,"column":25}},"16":{"start":{"line":56,"column":35},"end":{"line":158,"column":1}},"17":{"start":{"line":58,"column":4},"end":{"line":58,"column":67}},"18":{"start":{"line":59,"column":4},"end":{"line":59,"column":28}},"19":{"start":{"line":64,"column":30},"end":{"line":64,"column":70}},"20":{"start":{"line":65,"column":30},"end":{"line":65,"column":58}},"21":{"start":{"line":67,"column":26},"end":{"line":72,"column":5}},"22":{"start":{"line":69,"column":22},"end":{"line":69,"column":23}},"23":{"start":{"line":74,"column":4},"end":{"line":74,"column":57}},"24":{"start":{"line":75,"column":4},"end":{"line":75,"column":67}},"25":{"start":{"line":77,"column":25},"end":{"line":77,"column":75}},"26":{"start":{"line":79,"column":23},"end":{"line":79,"column":25}},"27":{"start":{"line":81,"column":4},"end":{"line":83,"column":6}},"28":{"start":{"line":82,"column":6},"end":{"line":82,"column":23}},"29":{"start":{"line":86,"column":4},"end":{"line":94,"column":6}},"30":{"start":{"line":87,"column":6},"end":{"line":93,"column":8}},"31":{"start":{"line":88,"column":8},"end":{"line":92,"column":23}},"32":{"start":{"line":97,"column":4},"end":{"line":156,"column":6}},"33":{"start":{"line":98,"column":20},"end":{"line":116,"column":8}},"34":{"start":{"line":100,"column":26},"end":{"line":100,"column":36}},"35":{"start":{"line":102,"column":27},"end":{"line":102,"column":43}},"36":{"start":{"line":106,"column":8},"end":{"line":111,"column":9}},"37":{"start":{"line":107,"column":10},"end":{"line":107,"column":68}},"38":{"start":{"line":110,"column":10},"end":{"line":110,"column":44}},"39":{"start":{"line":112,"column":8},"end":{"line":115,"column":9}},"40":{"start":{"line":118,"column":6},"end":{"line":122,"column":8}},"41":{"start":{"line":119,"column":8},"end":{"line":121,"column":9}},"42":{"start":{"line":120,"column":10},"end":{"line":120,"column":74}},"43":{"start":{"line":125,"column":27},"end":{"line":125,"column":76}},"44":{"start":{"line":127,"column":27},"end":{"line":137,"column":7}},"45":{"start":{"line":131,"column":10},"end":{"line":131,"column":35}},"46":{"start":{"line":132,"column":10},"end":{"line":132,"column":35}},"47":{"start":{"line":133,"column":10},"end":{"line":133,"column":20}},"48":{"start":{"line":134,"column":10},"end":{"line":134,"column":20}},"49":{"start":{"line":139,"column":21},"end":{"line":141,"column":22}},"50":{"start":{"line":144,"column":6},"end":{"line":144,"column":64}},"51":{"start":{"line":146,"column":6},"end":{"line":155,"column":7}},"52":{"start":{"line":147,"column":8},"end":{"line":147,"column":65}},"53":{"start":{"line":148,"column":8},"end":{"line":154,"column":9}},"54":{"start":{"line":149,"column":10},"end":{"line":153,"column":11}},"55":{"start":{"line":160,"column":0},"end":{"line":160,"column":43}}},"fnMap":{"0":{"name":"(anonymous_0)","decl":{"start":{"line":30,"column":15},"end":{"line":30,"column":16}},"loc":{"start":{"line":30,"column":20},"end":{"line":42,"column":1}},"line":30},"1":{"name":"(anonymous_1)","decl":{"start":{"line":47,"column":25},"end":{"line":47,"column":26}},"loc":{"start":{"line":47,"column":30},"end":{"line":47,"column":45}},"line":47},"2":{"name":"(anonymous_2)","decl":{"start":{"line":49,"column":23},"end":{"line":49,"column":24}},"loc":{"start":{"line":49,"column":37},"end":{"line":54,"column":1}},"line":49},"3":{"name":"(anonymous_3)","decl":{"start":{"line":57,"column":2},"end":{"line":57,"column":3}},"loc":{"start":{"line":57,"column":27},"end":{"line":60,"column":3}},"line":57},"4":{"name":"(anonymous_4)","decl":{"start":{"line":61,"column":2},"end":{"line":61,"column":3}},"loc":{"start":{"line":61,"column":18},"end":{"line":157,"column":3}},"line":61},"5":{"name":"(anonymous_5)","decl":{"start":{"line":69,"column":17},"end":{"line":69,"column":18}},"loc":{"start":{"line":69,"column":22},"end":{"line":69,"column":23}},"line":69},"6":{"name":"(anonymous_6)","decl":{"start":{"line":81,"column":40},"end":{"line":81,"column":41}},"loc":{"start":{"line":81,"column":46},"end":{"line":83,"column":5}},"line":81},"7":{"name":"(anonymous_7)","decl":{"start":{"line":86,"column":35},"end":{"line":86,"column":36}},"loc":{"start":{"line":86,"column":50},"end":{"line":94,"column":5}},"line":86},"8":{"name":"(anonymous_8)","decl":{"start":{"line":87,"column":41},"end":{"line":87,"column":42}},"loc":{"start":{"line":87,"column":73},"end":{"line":93,"column":7}},"line":87},"9":{"name":"(anonymous_9)","decl":{"start":{"line":97,"column":28},"end":{"line":97,"column":29}},"loc":{"start":{"line":97,"column":37},"end":{"line":156,"column":5}},"line":97},"10":{"name":"(anonymous_10)","decl":{"start":{"line":98,"column":46},"end":{"line":98,"column":47}},"loc":{"start":{"line":98,"column":55},"end":{"line":116,"column":7}},"line":98},"11":{"name":"(anonymous_11)","decl":{"start":{"line":118,"column":20},"end":{"line":118,"column":21}},"loc":{"start":{"line":118,"column":25},"end":{"line":122,"column":7}},"line":118},"12":{"name":"(anonymous_12)","decl":{"start":{"line":129,"column":8},"end":{"line":129,"column":9}},"loc":{"start":{"line":129,"column":23},"end":{"line":135,"column":9}},"line":129}},"branchMap":{"0":{"loc":{"start":{"line":32,"column":2},"end":{"line":40,"column":3}},"type":"if","locations":[{"start":{"line":32,"column":2},"end":{"line":40,"column":3}},{"start":{"line":32,"column":2},"end":{"line":40,"column":3}}],"line":32},"1":{"loc":{"start":{"line":50,"column":2},"end":{"line":52,"column":3}},"type":"if","locations":[{"start":{"line":50,"column":2},"end":{"line":52,"column":3}},{"start":{"line":50,"column":2},"end":{"line":52,"column":3}}],"line":50},"2":{"loc":{"start":{"line":50,"column":6},"end":{"line":50,"column":47}},"type":"binary-expr","locations":[{"start":{"line":50,"column":6},"end":{"line":50,"column":17}},{"start":{"line":50,"column":21},"end":{"line":50,"column":47}}],"line":50},"3":{"loc":{"start":{"line":57,"column":14},"end":{"line":57,"column":25}},"type":"default-arg","locations":[{"start":{"line":57,"column":23},"end":{"line":57,"column":25}}],"line":57},"4":{"loc":{"start":{"line":64,"column":30},"end":{"line":64,"column":70}},"type":"binary-expr","locations":[{"start":{"line":64,"column":30},"end":{"line":64,"column":64}},{"start":{"line":64,"column":68},"end":{"line":64,"column":70}}],"line":64},"5":{"loc":{"start":{"line":88,"column":64},"end":{"line":92,"column":23}},"type":"cond-expr","locations":[{"start":{"line":91,"column":12},"end":{"line":91,"column":74}},{"start":{"line":92,"column":12},"end":{"line":92,"column":23}}],"line":88},"6":{"loc":{"start":{"line":106,"column":8},"end":{"line":111,"column":9}},"type":"if","locations":[{"start":{"line":106,"column":8},"end":{"line":111,"column":9}},{"start":{"line":106,"column":8},"end":{"line":111,"column":9}}],"line":106},"7":{"loc":{"start":{"line":119,"column":8},"end":{"line":121,"column":9}},"type":"if","locations":[{"start":{"line":119,"column":8},"end":{"line":121,"column":9}},{"start":{"line":119,"column":8},"end":{"line":121,"column":9}}],"line":119},"8":{"loc":{"start":{"line":139,"column":21},"end":{"line":141,"column":22}},"type":"cond-expr","locations":[{"start":{"line":140,"column":10},"end":{"line":140,"column":49}},{"start":{"line":141,"column":10},"end":{"line":141,"column":22}}],"line":139},"9":{"loc":{"start":{"line":146,"column":6},"end":{"line":155,"column":7}},"type":"if","locations":[{"start":{"line":146,"column":6},"end":{"line":155,"column":7}},{"start":{"line":146,"column":6},"end":{"line":155,"column":7}}],"line":146},"10":{"loc":{"start":{"line":148,"column":8},"end":{"line":154,"column":9}},"type":"if","locations":[{"start":{"line":148,"column":8},"end":{"line":154,"column":9}},{"start":{"line":148,"column":8},"end":{"line":154,"column":9}}],"line":148}},"s":{"0":1,"1":1,"2":1,"3":1,"4":1,"5":1,"6":21,"7":21,"8":1,"9":20,"10":1,"11":23,"12":1,"13":17,"14":16,"15":1,"16":1,"17":18,"18":18,"19":17,"20":17,"21":17,"22":16,"23":17,"24":17,"25":17,"26":17,"27":17,"28":17,"29":17,"30":18,"31":2,"32":17,"33":17,"34":23,"35":23,"36":23,"37":21,"38":2,"39":23,"40":17,"41":23,"42":21,"43":17,"44":17,"45":23,"46":23,"47":23,"48":23,"49":17,"50":17,"51":17,"52":17,"53":17,"54":1,"55":1},"f":{"0":21,"1":23,"2":17,"3":18,"4":17,"5":16,"6":17,"7":18,"8":2,"9":17,"10":23,"11":23,"12":23},"b":{"0":[1,20],"1":[16,1],"2":[17,3],"3":[0],"4":[17,14],"5":[1,1],"6":[21,2],"7":[21,2],"8":[2,15],"9":[17,0],"10":[1,16]},"_coverageSchema":"332fd63041d2c1bcb487cc26dd0d5f7d97098a6c","hash":"0443220c0c738337beb257089d1ccf67843b428a"}
}
