TN:
SF:/Users/lee/Documents/company/webpack-manifest-extra-plugin/index.js
FN:30,(anonymous_0)
FN:47,(anonymous_1)
FN:49,(anonymous_2)
FN:57,(anonymous_3)
FN:61,(anonymous_4)
FN:69,(anonymous_5)
FN:81,(anonymous_6)
FN:86,(anonymous_7)
FN:87,(anonymous_8)
FN:97,(anonymous_9)
FN:98,(anonymous_10)
FN:118,(anonymous_11)
FN:129,(anonymous_12)
FNF:13
FNH:13
FNDA:21,(anonymous_0)
FNDA:23,(anonymous_1)
FNDA:17,(anonymous_2)
FNDA:18,(anonymous_3)
FNDA:17,(anonymous_4)
FNDA:16,(anonymous_5)
FNDA:17,(anonymous_6)
FNDA:18,(anonymous_7)
FNDA:2,(anonymous_8)
FNDA:17,(anonymous_9)
FNDA:23,(anonymous_10)
FNDA:23,(anonymous_11)
FNDA:23,(anonymous_12)
DA:1,1
DA:2,1
DA:3,1
DA:5,1
DA:7,1
DA:30,1
DA:31,21
DA:32,21
DA:33,1
DA:41,20
DA:47,23
DA:49,1
DA:50,17
DA:51,16
DA:53,1
DA:56,1
DA:58,18
DA:59,18
DA:64,17
DA:65,17
DA:67,17
DA:69,16
DA:74,17
DA:75,17
DA:77,17
DA:79,17
DA:81,17
DA:82,17
DA:86,17
DA:87,18
DA:88,2
DA:97,17
DA:98,17
DA:100,23
DA:102,23
DA:106,23
DA:107,21
DA:110,2
DA:112,23
DA:118,17
DA:119,23
DA:120,21
DA:125,17
DA:127,17
DA:131,23
DA:132,23
DA:133,23
DA:134,23
DA:139,17
DA:144,17
DA:146,17
DA:147,17
DA:148,17
DA:149,1
DA:160,1
LF:55
LH:55
BRDA:32,0,0,1
BRDA:32,0,1,20
BRDA:50,1,0,16
BRDA:50,1,1,1
BRDA:50,2,0,17
BRDA:50,2,1,3
BRDA:57,3,0,0
BRDA:64,4,0,17
BRDA:64,4,1,14
BRDA:88,5,0,1
BRDA:88,5,1,1
BRDA:106,6,0,21
BRDA:106,6,1,2
BRDA:119,7,0,21
BRDA:119,7,1,2
BRDA:139,8,0,2
BRDA:139,8,1,15
BRDA:146,9,0,17
BRDA:146,9,1,0
BRDA:148,10,0,1
BRDA:148,10,1,16
BRF:21
BRH:19
end_of_record
